<?xml version="1.0" encoding="UTF-8"?>
<!-- Generated by org.testng.reporters.JUnitXMLReporter -->
<testsuite ignored="0" hostname="DESKTOP-6LJCPTQ" failures="3" tests="5" name="Maven_testNG_POM_Test_hybrid" time="42.286" errors="0" timestamp="2021-10-15T15:29:38 EDT">
  <testcase classname="testCases.Test_loginPage" name="TC001_login" time="2.677"/>
  <testcase classname="testCases.Test_loginPage" name="TC003_DDTlogin" time="1.895"/>
  <testcase classname="testCases.Test_loginPage" name="TC003_DDTlogin" time="10.606">
    <failure type="java.lang.AssertionError" message="expected [true] but found [false]">
      <![CDATA[java.lang.AssertionError: expected [true] but found [false]
at testCases.Test_loginPage.validate_Login(Test_loginPage.java:70)
at testCases.Test_loginPage.TC003_DDTlogin(Test_loginPage.java:82)
at java.base/java.util.ArrayList.forEach(ArrayList.java:1541)
... Removed 31 stack frames]]>
    </failure>
  </testcase> <!-- TC003_DDTlogin -->
  <testcase classname="testCases.Test_loginPage" name="TC003_DDTlogin" time="10.935">
    <failure type="java.lang.AssertionError" message="expected [true] but found [false]">
      <![CDATA[java.lang.AssertionError: expected [true] but found [false]
at testCases.Test_loginPage.validate_Login(Test_loginPage.java:70)
at testCases.Test_loginPage.TC003_DDTlogin(Test_loginPage.java:82)
at java.base/java.util.ArrayList.forEach(ArrayList.java:1541)
... Removed 31 stack frames]]>
    </failure>
  </testcase> <!-- TC003_DDTlogin -->
  <testcase classname="testCases.Test_loginPage" name="TC003_DDTlogin" time="10.608">
    <failure type="java.lang.AssertionError" message="expected [true] but found [false]">
      <![CDATA[java.lang.AssertionError: expected [true] but found [false]
at testCases.Test_loginPage.validate_Login(Test_loginPage.java:70)
at testCases.Test_loginPage.TC003_DDTlogin(Test_loginPage.java:82)
at java.base/java.util.ArrayList.forEach(ArrayList.java:1541)
... Removed 31 stack frames]]>
    </failure>
  </testcase> <!-- TC003_DDTlogin -->
</testsuite> <!-- Maven_testNG_POM_Test_hybrid -->
