<?xml version="1.0" encoding="UTF-8"?>
<!-- Generated by org.testng.reporters.JUnitXMLReporter -->
<testsuite ignored="0" hostname="DESKTOP-6LJCPTQ" failures="3" tests="5" name="Maven_testNG_POM_Test_hybrid" time="43.281" errors="0" timestamp="2021-10-15T19:38:54 EDT">
  <testcase classname="testCases.Test_loginPage" name="TC001_login" time="3.109"/>
  <testcase classname="testCases.Test_loginPage" name="TC003_DDTlogin" time="1.904"/>
  <testcase classname="testCases.Test_loginPage" name="TC003_DDTlogin" time="10.641">
    <failure type="java.lang.AssertionError" message="expected [true] but found [false]">
      <![CDATA[java.lang.AssertionError: expected [true] but found [false]
at testCases.Test_loginPage.validate_Login(Test_loginPage.java:70)
at testCases.Test_loginPage.TC003_DDTlogin(Test_loginPage.java:82)
at java.base/java.util.ArrayList.forEach(ArrayList.java:1541)
... Removed 35 stack frames]]>
    </failure>
  </testcase> <!-- TC003_DDTlogin -->
  <testcase classname="testCases.Test_loginPage" name="TC003_DDTlogin" time="11.0">
    <failure type="java.lang.AssertionError" message="expected [true] but found [false]">
      <![CDATA[java.lang.AssertionError: expected [true] but found [false]
at testCases.Test_loginPage.validate_Login(Test_loginPage.java:70)
at testCases.Test_loginPage.TC003_DDTlogin(Test_loginPage.java:82)
at java.base/java.util.ArrayList.forEach(ArrayList.java:1541)
... Removed 35 stack frames]]>
    </failure>
  </testcase> <!-- TC003_DDTlogin -->
  <testcase classname="testCases.Test_loginPage" name="TC003_DDTlogin" time="10.581">
    <failure type="java.lang.AssertionError" message="expected [true] but found [false]">
      <![CDATA[java.lang.AssertionError: expected [true] but found [false]
at testCases.Test_loginPage.validate_Login(Test_loginPage.java:70)
at testCases.Test_loginPage.TC003_DDTlogin(Test_loginPage.java:82)
at java.base/java.util.ArrayList.forEach(ArrayList.java:1541)
... Removed 35 stack frames]]>
    </failure>
  </testcase> <!-- TC003_DDTlogin -->
</testsuite> <!-- Maven_testNG_POM_Test_hybrid -->
